::1 - - [11/Apr/2023:15:33:30 +0000] "POST /api/v1/categories HTTP/1.1" 200 38 "-" "PostmanRuntime/7.31.3"
::1 - - [12/Apr/2023:03:00:40 +0000] "GET /api/v1/categories HTTP/1.1" 200 67 "-" "PostmanRuntime/7.31.3"
::1 - - [12/Apr/2023:03:02:00 +0000] "GET /api/v1/categories HTTP/1.1" 200 67 "-" "PostmanRuntime/7.31.3"
::1 - - [12/Apr/2023:03:02:15 +0000] "GET /api/v1/category/21 HTTP/1.1" 404 157 "-" "PostmanRuntime/7.31.3"
::1 - - [12/Apr/2023:03:02:35 +0000] "GET /api/v1/categories/21 HTTP/1.1" 200 60 "-" "PostmanRuntime/7.31.3"
::1 - - [12/Apr/2023:03:03:24 +0000] "GET /api/v1/categories/21 HTTP/1.1" 200 60 "-" "PostmanRuntime/7.31.3"
::1 - - [12/Apr/2023:03:03:28 +0000] "GET /api/v1/categories HTTP/1.1" 200 67 "-" "PostmanRuntime/7.31.3"
::1 - - [12/Apr/2023:03:03:42 +0000] "GET /api/v1/categories/ HTTP/1.1" 200 67 "-" "PostmanRuntime/7.31.3"
::1 - - [12/Apr/2023:03:03:58 +0000] "POST /api/v1/category HTTP/1.1" 404 155 "-" "PostmanRuntime/7.31.3"
::1 - - [12/Apr/2023:03:04:04 +0000] "POST /api/v1/categories HTTP/1.1" 200 38 "-" "PostmanRuntime/7.31.3"
::1 - - [12/Apr/2023:03:04:57 +0000] "POST /api/v1/categories HTTP/1.1" 200 38 "-" "PostmanRuntime/7.31.3"
::1 - - [12/Apr/2023:03:05:04 +0000] "PUT /api/v1/categories/11 HTTP/1.1" 200 66 "-" "PostmanRuntime/7.31.3"
::1 - - [12/Apr/2023:03:05:25 +0000] "PUT /api/v1/categories/11 HTTP/1.1" 200 66 "-" "PostmanRuntime/7.31.3"
::1 - - [12/Apr/2023:03:05:32 +0000] "DELETE /api/v1/categories/11 HTTP/1.1" 200 52 "-" "PostmanRuntime/7.31.3"
::1 - - [12/Apr/2023:03:05:50 +0000] "DELETE /api/v1/categories/11 HTTP/1.1" 200 52 "-" "PostmanRuntime/7.31.3"
::1 - - [12/Apr/2023:03:06:46 +0000] "GET /api/v1/categories HTTP/1.1" 200 67 "-" "PostmanRuntime/7.31.3"
::1 - - [12/Apr/2023:03:07:26 +0000] "GET /api/v1/categories/1 HTTP/1.1" 200 59 "-" "PostmanRuntime/7.31.3"
::1 - - [12/Apr/2023:03:08:11 +0000] "GET /api/v1/categories HTTP/1.1" 200 67 "-" "PostmanRuntime/7.31.3"
::1 - - [12/Apr/2023:03:09:03 +0000] "GET /api/v1/categories HTTP/1.1" 200 67 "-" "PostmanRuntime/7.31.3"
::1 - - [12/Apr/2023:03:09:17 +0000] "GET /api/v1/categories HTTP/1.1" 200 67 "-" "PostmanRuntime/7.31.3"
::1 - - [12/Apr/2023:03:09:27 +0000] "GET /api/v1/categories/21 HTTP/1.1" 200 60 "-" "PostmanRuntime/7.31.3"
::1 - - [12/Apr/2023:03:09:49 +0000] "GET /api/v1/categories/21 HTTP/1.1" 200 60 "-" "PostmanRuntime/7.31.3"
::1 - - [12/Apr/2023:03:09:58 +0000] "POST /api/v1/categories HTTP/1.1" 200 38 "-" "PostmanRuntime/7.31.3"
::1 - - [12/Apr/2023:03:10:11 +0000] "POST /api/v1/categories HTTP/1.1" 200 38 "-" "PostmanRuntime/7.31.3"
::1 - - [12/Apr/2023:03:10:21 +0000] "PUT /api/v1/categories/11 HTTP/1.1" 200 66 "-" "PostmanRuntime/7.31.3"
::1 - - [12/Apr/2023:03:10:37 +0000] "PUT /api/v1/categories/11 HTTP/1.1" 200 66 "-" "PostmanRuntime/7.31.3"
::1 - - [12/Apr/2023:03:10:47 +0000] "DELETE /api/v1/categories/11 HTTP/1.1" 200 52 "-" "PostmanRuntime/7.31.3"
::1 - - [12/Apr/2023:03:11:13 +0000] "DELETE /api/v1/categories/11 HTTP/1.1" 200 52 "-" "PostmanRuntime/7.31.3"
::1 - - [12/Apr/2023:03:12:52 +0000] "GET /api/v1/categories HTTP/1.1" 200 67 "-" "PostmanRuntime/7.31.3"
::1 - - [12/Apr/2023:03:14:09 +0000] "GET /api/v1/categories/21 HTTP/1.1" 200 60 "-" "PostmanRuntime/7.31.3"
::1 - - [12/Apr/2023:03:23:28 +0000] "POST /api/v1/categories HTTP/1.1" 200 38 "-" "PostmanRuntime/7.31.3"
::1 - - [12/Apr/2023:03:24:52 +0000] "POST /api/v1/categories HTTP/1.1" 200 38 "-" "PostmanRuntime/7.31.3"
::1 - - [12/Apr/2023:03:25:50 +0000] "PUT /api/v1/categories/21 HTTP/1.1" 200 66 "-" "PostmanRuntime/7.31.3"
::1 - - [12/Apr/2023:03:27:00 +0000] "GET /api/v1/categories/13 HTTP/1.1" 200 60 "-" "PostmanRuntime/7.31.3"
::1 - - [12/Apr/2023:03:27:11 +0000] "DELETE /api/v1/categories/13 HTTP/1.1" 200 52 "-" "PostmanRuntime/7.31.3"
::1 - - [12/Apr/2023:04:58:32 +0000] "POST /api/v1/categories HTTP/1.1" 200 38 "-" "PostmanRuntime/7.32.2"
::1 - - [12/Apr/2023:05:01:24 +0000] "POST /api/v1/categories HTTP/1.1" 200 38 "-" "PostmanRuntime/7.32.2"
::1 - - [12/Apr/2023:05:03:22 +0000] "POST /api/v1/categories HTTP/1.1" 200 38 "-" "PostmanRuntime/7.32.2"
::1 - - [13/Apr/2023:06:43:22 +0000] "POST /api/v1/categories HTTP/1.1" 200 38 "-" "PostmanRuntime/7.32.2"
::1 - - [13/Apr/2023:06:45:55 +0000] "POST /api/v1/categories HTTP/1.1" 200 38 "-" "PostmanRuntime/7.32.2"
::1 - - [13/Apr/2023:06:50:45 +0000] "POST /api/v1/categories HTTP/1.1" 200 38 "-" "PostmanRuntime/7.32.2"
